<?xml version="1.0" encoding="UTF-8"?>
<!-- Generated by org.testng.reporters.JUnitReportReporter -->
<testsuite hostname="YUVARAJ_UV" failures="0" tests="6" name="com.Runner.runnerTestNG" time="58.667" errors="0" timestamp="2025-04-11T13:26:13 IST" skipped="0">
  <testcase classname="com.Runner.runnerTestNG" name="runScenario" time="7.970"/>
  <testcase classname="com.Runner.runnerTestNG" name="runScenario" time="7.033"/>
  <testcase classname="com.Runner.runnerTestNG" name="runScenario" time="6.381"/>
  <testcase classname="com.Runner.runnerTestNG" name="runScenario" time="21.378"/>
  <testcase classname="com.Runner.runnerTestNG" name="runScenario" time="8.058"/>
  <testcase classname="com.Runner.runnerTestNG" name="runScenario" time="7.847"/>
</testsuite> <!-- com.Runner.runnerTestNG -->
